         359514 function calls (359216 primitive calls) in 1.855 seconds

   Ordered by: standard name

   ncalls  tottime  percall  cumtime  percall filename:lineno(function)
        1    0.000    0.000    0.000    0.000 <string>:1(<module>)
        1    0.000    0.000    0.000    0.000 <string>:1(Match)
        1    0.000    0.000    0.000    0.000 <string>:1(Mismatch)
        1    0.000    0.000    0.000    0.000 <string>:2(<module>)
        1    0.000    0.000    0.000    0.000 <string>:6(Chebyshev)
        1    0.000    0.000    0.000    0.000 <string>:6(Hermite)
        1    0.000    0.000    0.000    0.000 <string>:6(HermiteE)
        1    0.000    0.000    0.000    0.000 <string>:6(Laguerre)
        1    0.000    0.000    0.000    0.000 <string>:6(Legendre)
        1    0.000    0.000    0.000    0.000 <string>:6(Polynomial)
        1    0.000    0.000    0.000    0.000 ConfigParser.py:112(Error)
        1    0.000    0.000    0.000    0.000 ConfigParser.py:139(NoSectionError)
        1    0.000    0.000    0.000    0.000 ConfigParser.py:147(DuplicateSectionError)
        1    0.000    0.000    0.000    0.000 ConfigParser.py:155(NoOptionError)
        1    0.000    0.000    0.000    0.000 ConfigParser.py:165(InterpolationError)
        1    0.000    0.000    0.000    0.000 ConfigParser.py:174(InterpolationMissingOptionError)
        1    0.000    0.000    0.000    0.000 ConfigParser.py:188(InterpolationSyntaxError)
        1    0.000    0.000    0.000    0.000 ConfigParser.py:192(InterpolationDepthError)
        1    0.000    0.000    0.000    0.000 ConfigParser.py:204(ParsingError)
        1    0.000    0.000    0.000    0.000 ConfigParser.py:217(MissingSectionHeaderError)
        1    0.000    0.000    0.002    0.002 ConfigParser.py:231(RawConfigParser)
        1    0.000    0.000    0.000    0.000 ConfigParser.py:232(__init__)
        1    0.000    0.000    0.000    0.000 ConfigParser.py:248(sections)
        1    0.000    0.000    0.000    0.000 ConfigParser.py:285(read)
        7    0.000    0.000    0.000    0.000 ConfigParser.py:373(optionxform)
        1    0.000    0.000    0.000    0.000 ConfigParser.py:464(_read)
        1    0.000    0.000    0.000    0.000 ConfigParser.py:558(_Chainmap)
        1    0.000    0.000    0.000    0.000 ConfigParser.py:588(ConfigParser)
        3    0.000    0.000    0.000    0.000 ConfigParser.py:625(items)
        1    0.000    0.000    0.000    0.000 ConfigParser.py:686(SafeConfigParser)
        7    0.000    0.000    0.000    0.000 ConfigParser.py:688(_interpolate)
        7    0.000    0.000    0.000    0.000 ConfigParser.py:696(_interpolate_some)
        1    0.000    0.000    0.003    0.003 ConfigParser.py:88(<module>)
        1    0.004    0.004    0.381    0.381 Driver.py:10(<module>)
        1    0.000    0.000    0.000    0.000 Driver.py:159(finalize)
    37500    0.017    0.000    0.030    0.000 Driver.py:166(compute_time_step)
        1    0.118    0.118    1.475    1.475 Driver.py:181(main)
        1    0.000    0.000    0.001    0.001 Driver.py:33(parse_command_line)
        1    0.000    0.000    0.001    0.001 Driver.py:50(parse_config_file)
        1    0.000    0.000    0.002    0.002 Driver.py:68(init)
        7    0.000    0.000    0.123    0.018 Grid.py:102(write_data)
        1    0.002    0.002    0.367    0.367 Grid.py:13(<module>)
        1    0.000    0.000    0.000    0.000 Grid.py:36(init)
        1    0.000    0.000    0.000    0.000 Grid.py:84(finalize)
    37500    0.125    0.000    0.125    0.000 Grid.py:89(fill_boundary_conditions)
    37500    0.027    0.000    0.255    0.000 Hydro.py:102(compute_fluxes)
        1    0.000    0.000    0.000    0.000 Hydro.py:12(<module>)
    37500    0.032    0.000    0.032    0.000 Hydro.py:126(reconstruction)
    37500    0.196    0.000    0.196    0.000 Hydro.py:162(riemann)
    37500    0.759    0.000    0.759    0.000 Hydro.py:200(update)
        1    0.000    0.000    0.000    0.000 Hydro.py:24(init)
        1    0.000    0.000    0.000    0.000 Hydro.py:50(finalize)
    37500    0.013    0.000    0.013    0.000 Hydro.py:55(compute_time_step)
    37500    0.054    0.000    1.068    0.000 Hydro.py:79(one_step)
        1    0.000    0.000    0.000    0.000 IC.py:10(<module>)
        1    0.000    0.000    0.000    0.000 IC.py:17(set_initial_conditions)
        1    0.000    0.000    1.856    1.856 Main.py:1(<module>)
        1    0.000    0.000    0.000    0.000 StringIO.py:30(<module>)
        1    0.000    0.000    0.000    0.000 StringIO.py:42(StringIO)
        5    0.000    0.000    0.000    0.000 UserDict.py:18(__getitem__)
       13    0.000    0.000    0.000    0.000 UserDict.py:58(get)
       13    0.000    0.000    0.000    0.000 UserDict.py:70(__contains__)
        1    0.000    0.000    0.000    0.000 __config__.py:3(<module>)
        1    0.000    0.000    0.000    0.000 __future__.py:48(<module>)
        1    0.000    0.000    0.000    0.000 __future__.py:74(_Feature)
        7    0.000    0.000    0.000    0.000 __future__.py:75(__init__)
        2    0.038    0.019    0.223    0.112 __init__.py:1(<module>)
        1    0.004    0.004    0.004    0.004 __init__.py:10(<module>)
        3    0.000    0.000    0.000    0.000 __init__.py:104(CFunctionType)
        1    0.027    0.027    0.365    0.365 __init__.py:106(<module>)
       14    0.000    0.000    0.000    0.000 __init__.py:147(_check_size)
        1    0.028    0.028    0.062    0.062 __init__.py:15(<module>)
        1    0.000    0.000    0.000    0.000 __init__.py:159(py_object)
        1    0.000    0.000    0.000    0.000 __init__.py:168(c_short)
        1    0.000    0.000    0.000    0.000 __init__.py:172(c_ushort)
        1    0.000    0.000    0.000    0.000 __init__.py:176(c_long)
        1    0.000    0.000    0.000    0.000 __init__.py:180(c_ulong)
        1    0.000    0.000    0.000    0.000 __init__.py:189(c_int)
        1    0.000    0.000    0.000    0.000 __init__.py:193(c_uint)
        1    0.000    0.000    0.000    0.000 __init__.py:197(c_float)
        2    0.050    0.025    0.128    0.064 __init__.py:2(<module>)
        1    0.000    0.000    0.000    0.000 __init__.py:201(c_double)
        1    0.000    0.000    0.000    0.000 __init__.py:205(c_longdouble)
        1    0.000    0.000    0.000    0.000 __init__.py:226(c_ubyte)
        1    0.000    0.000    0.000    0.000 __init__.py:233(c_byte)
        1    0.000    0.000    0.000    0.000 __init__.py:238(c_char)
        1    0.000    0.000    0.000    0.000 __init__.py:243(c_char_p)
        1    0.000    0.000    0.000    0.000 __init__.py:255(c_void_p)
        1    0.000    0.000    0.000    0.000 __init__.py:260(c_bool)
        1    0.000    0.000    0.000    0.000 __init__.py:265(_reset_cache)
        1    0.000    0.000    0.000    0.000 __init__.py:291(c_wchar_p)
        1    0.000    0.000    0.000    0.000 __init__.py:294(c_wchar)
        1    0.000    0.000    0.000    0.000 __init__.py:332(CDLL)
        1    0.000    0.000    0.000    0.000 __init__.py:349(__init__)
        1    0.000    0.000    0.000    0.000 __init__.py:359(_FuncPtr)
        1    0.036    0.036    0.037    0.037 __init__.py:38(<module>)
        1    0.000    0.000    0.000    0.000 __init__.py:388(PyDLL)
        1    0.001    0.001    0.002    0.002 __init__.py:4(<module>)
        1    0.000    0.000    0.000    0.000 __init__.py:428(LibraryLoader)
        2    0.000    0.000    0.000    0.000 __init__.py:429(__init__)
        1    0.011    0.011    0.011    0.011 __init__.py:44(<module>)
        1    0.001    0.001    0.007    0.007 __init__.py:45(<module>)
        3    0.000    0.000    0.000    0.000 __init__.py:49(normalize_encoding)
        3    0.000    0.000    0.000    0.000 __init__.py:493(PYFUNCTYPE)
        3    0.000    0.000    0.000    0.000 __init__.py:494(CFunctionType)
        1    0.003    0.003    0.023    0.023 __init__.py:6(<module>)
        3    0.000    0.000    0.000    0.000 __init__.py:78(CFUNCTYPE)
        1    0.006    0.006    0.006    0.006 __init__.py:84(<module>)
       11    0.000    0.000    0.000    0.000 _abcoll.py:483(update)
        4    0.000    0.000    0.000    0.000 _abcoll.py:97(__subclasshook__)
        1    0.000    0.000    0.000    0.000 _datasource.py:148(DataSource)
        1    0.001    0.001    0.001    0.001 _datasource.py:33(<module>)
        1    0.000    0.000    0.000    0.000 _datasource.py:47(_FileOpeners)
        1    0.000    0.000    0.000    0.000 _datasource.py:482(Repository)
        1    0.000    0.000    0.000    0.000 _datasource.py:70(__init__)
        1    0.000    0.000    0.000    0.000 _endian.py:26(_swapped_meta)
        1    0.000    0.000    0.000    0.000 _endian.py:4(<module>)
        1    0.000    0.000    0.000    0.000 _endian.py:49(BigEndianStructure)
        1    0.000    0.000    0.000    0.000 _import_tools.py:1(<module>)
        1    0.000    0.000    0.000    0.000 _import_tools.py:334(PackageLoaderDebug)
        1    0.000    0.000    0.000    0.000 _import_tools.py:6(PackageLoader)
       40    0.000    0.000    0.000    0.000 _inspect.py:118(getargspec)
       40    0.000    0.000    0.000    0.000 _inspect.py:13(ismethod)
       74    0.000    0.000    0.000    0.000 _inspect.py:150(strseq)
       31    0.000    0.000    0.000    0.000 _inspect.py:157(formatargspec)
        3    0.000    0.000    0.000    0.000 _inspect.py:159(<lambda>)
        1    0.000    0.000    0.000    0.000 _inspect.py:160(<lambda>)
       43    0.000    0.000    0.000    0.000 _inspect.py:161(<lambda>)
       40    0.000    0.000    0.000    0.000 _inspect.py:24(isfunction)
       31    0.000    0.000    0.000    0.000 _inspect.py:37(iscode)
       31    0.000    0.000    0.000    0.000 _inspect.py:59(getargs)
        1    0.000    0.000    0.000    0.000 _inspect.py:6(<module>)
        1    0.000    0.000    0.000    0.000 _internal.py:239(_getintp_ctype)
        1    0.000    0.000    0.000    0.000 _internal.py:260(_missing_ctypes)
        1    0.000    0.000    0.000    0.000 _internal.py:267(_ctypes)
        1    0.001    0.001    0.008    0.008 _internal.py:4(<module>)
        1    0.000    0.000    0.000    0.000 _iotools.py:1(<module>)
        1    0.000    0.000    0.000    0.000 _iotools.py:145(LineSplitter)
        7    0.000    0.000    0.000    0.000 _iotools.py:20(_is_string_like)
        1    0.000    0.000    0.000    0.000 _iotools.py:231(NameValidator)
        1    0.000    0.000    0.000    0.000 _iotools.py:423(ConverterError)
        1    0.000    0.000    0.000    0.000 _iotools.py:430(ConverterLockError)
        1    0.000    0.000    0.000    0.000 _iotools.py:437(ConversionWarning)
        1    0.000    0.000    0.000    0.000 _iotools.py:451(StringConverter)
        4    0.000    0.000    0.000    0.000 _weakrefset.py:16(__init__)
        4    0.000    0.000    0.000    0.000 _weakrefset.py:20(__enter__)
        4    0.000    0.000    0.000    0.000 _weakrefset.py:26(__exit__)
        2    0.000    0.000    0.000    0.000 _weakrefset.py:36(__init__)
        4    0.000    0.000    0.000    0.000 _weakrefset.py:52(_commit_removals)
        8    0.000    0.000    0.000    0.000 _weakrefset.py:58(__iter__)
       33    0.000    0.000    0.000    0.000 _weakrefset.py:68(__contains__)
        4    0.000    0.000    0.000    0.000 _weakrefset.py:81(add)
       11    0.000    0.000    0.000    0.000 abc.py:128(__instancecheck__)
    15/13    0.000    0.000    0.000    0.000 abc.py:148(__subclasscheck__)
        1    0.001    0.001    0.227    0.227 add_newdocs.py:9(<module>)
        1    0.000    0.000    0.000    0.000 argparse.py:1023(_SubParsersAction)
        1    0.000    0.000    0.000    0.000 argparse.py:1025(_ChoicesPseudoAction)
        1    0.000    0.000    0.000    0.000 argparse.py:1100(FileType)
        1    0.000    0.000    0.000    0.000 argparse.py:112(_AttributeHolder)
        1    0.000    0.000    0.000    0.000 argparse.py:1144(Namespace)
        1    0.000    0.000    0.000    0.000 argparse.py:1151(__init__)
        1    0.000    0.000    0.000    0.000 argparse.py:1167(_ActionsContainer)
        3    0.000    0.000    0.000    0.000 argparse.py:1169(__init__)
       34    0.000    0.000    0.000    0.000 argparse.py:1221(register)
        5    0.000    0.000    0.000    0.000 argparse.py:1225(_registry_get)
        2    0.000    0.000    0.000    0.000 argparse.py:1250(add_argument)
        2    0.000    0.000    0.000    0.000 argparse.py:1297(add_argument_group)
        2    0.000    0.000    0.000    0.000 argparse.py:1307(_add_action)
        2    0.000    0.000    0.000    0.000 argparse.py:1387(_get_optional_kwargs)
        2    0.000    0.000    0.000    0.000 argparse.py:1422(_pop_action_class)
        3    0.000    0.000    0.000    0.000 argparse.py:1426(_get_handler)
        2    0.000    0.000    0.000    0.000 argparse.py:1435(_check_conflict)
        1    0.000    0.000    0.000    0.000 argparse.py:147(HelpFormatter)
        1    0.000    0.000    0.000    0.000 argparse.py:1471(_ArgumentGroup)
        2    0.000    0.000    0.000    0.000 argparse.py:1473(__init__)
        2    0.000    0.000    0.000    0.000 argparse.py:1495(_add_action)
        1    0.000    0.000    0.000    0.000 argparse.py:1505(_MutuallyExclusiveGroup)
        1    0.000    0.000    0.000    0.000 argparse.py:1525(ArgumentParser)
        2    0.000    0.000    0.000    0.000 argparse.py:154(__init__)
        1    0.000    0.000    0.001    0.001 argparse.py:1543(__init__)
        1    0.000    0.000    0.000    0.000 argparse.py:1589(identity)
        2    0.000    0.000    0.000    0.000 argparse.py:1667(_add_action)
        1    0.000    0.000    0.000    0.000 argparse.py:1679(_get_positional_actions)
        1    0.000    0.000    0.000    0.000 argparse.py:1687(parse_args)
        1    0.000    0.000    0.000    0.000 argparse.py:1694(parse_known_args)
        1    0.000    0.000    0.000    0.000 argparse.py:1729(_parse_known_args)
        1    0.000    0.000    0.000    0.000 argparse.py:1874(consume_positionals)
        1    0.000    0.000    0.000    0.000 argparse.py:195(_Section)
        2    0.000    0.000    0.000    0.000 argparse.py:197(__init__)
        1    0.000    0.000    0.000    0.000 argparse.py:2015(_match_arguments_partial)
        1    0.000    0.000    0.000    0.000 argparse.py:2225(_get_value)
        2    0.000    0.000    0.000    0.000 argparse.py:2299(_get_formatter)
        2    0.000    0.000    0.000    0.000 argparse.py:555(_metavar_formatter)
        2    0.000    0.000    0.000    0.000 argparse.py:564(format)
        2    0.000    0.000    0.000    0.000 argparse.py:571(_format_args)
        1    0.001    0.001    0.007    0.007 argparse.py:62(<module>)
        1    0.000    0.000    0.000    0.000 argparse.py:627(RawDescriptionHelpFormatter)
        1    0.000    0.000    0.000    0.000 argparse.py:638(RawTextHelpFormatter)
        1    0.000    0.000    0.000    0.000 argparse.py:649(ArgumentDefaultsHelpFormatter)
        1    0.000    0.000    0.000    0.000 argparse.py:683(ArgumentError)
        1    0.000    0.000    0.000    0.000 argparse.py:703(ArgumentTypeError)
        1    0.000    0.000    0.000    0.000 argparse.py:712(Action)
        2    0.000    0.000    0.000    0.000 argparse.py:763(__init__)
        1    0.000    0.000    0.000    0.000 argparse.py:803(_StoreAction)
        1    0.000    0.000    0.000    0.000 argparse.py:805(__init__)
        1    0.000    0.000    0.000    0.000 argparse.py:838(_StoreConstAction)
        1    0.000    0.000    0.000    0.000 argparse.py:861(_StoreTrueAction)
        1    0.000    0.000    0.000    0.000 argparse.py:878(_StoreFalseAction)
        1    0.000    0.000    0.000    0.000 argparse.py:895(_AppendAction)
        1    0.000    0.000    0.000    0.000 argparse.py:932(_AppendConstAction)
        5    0.000    0.000    0.000    0.000 argparse.py:95(_callable)
        1    0.000    0.000    0.000    0.000 argparse.py:958(_CountAction)
        1    0.000    0.000    0.000    0.000 argparse.py:979(_HelpAction)
        1    0.000    0.000    0.000    0.000 argparse.py:981(__init__)
        1    0.000    0.000    0.000    0.000 argparse.py:998(_VersionAction)
        1    0.000    0.000    0.000    0.000 arrayprint.py:387(FloatFormat)
        1    0.006    0.006    0.006    0.006 arrayprint.py:4(<module>)
        1    0.000    0.000    0.000    0.000 arrayprint.py:499(LongFloatFormat)
        1    0.000    0.000    0.000    0.000 arrayprint.py:529(LongComplexFormat)
        1    0.000    0.000    0.000    0.000 arrayprint.py:540(ComplexFormat)
        1    0.007    0.007    0.008    0.008 arraysetops.py:25(<module>)
        1    0.000    0.000    0.000    0.000 arrayterator.py:21(Arrayterator)
        1    0.000    0.000    0.000    0.000 arrayterator.py:9(<module>)
        1    0.001    0.001    0.001    0.001 bisect.py:1(<module>)
        1    0.001    0.001    0.002    0.002 case.py:1(<module>)
        1    0.000    0.000    0.000    0.000 case.py:1014(FunctionTestCase)
        1    0.000    0.000    0.000    0.000 case.py:132(TestCase)
        1    0.000    0.000    0.000    0.000 case.py:24(SkipTest)
        1    0.000    0.000    0.000    0.000 case.py:33(_ExpectedFailure)
        1    0.000    0.000    0.000    0.000 case.py:44(_UnexpectedSuccess)
        7    0.000    0.000    0.000    0.000 case.py:605(_deprecate)
        1    0.000    0.000    0.000    0.000 case.py:97(_AssertRaisesContext)
        1    0.004    0.004    0.005    0.005 chebyshev.py:78(<module>)
        1    0.003    0.003    0.005    0.005 collections.py:1(<module>)
        4    0.000    0.000    0.000    0.000 collections.py:103(keys)
        1    0.000    0.000    0.000    0.000 collections.py:107(values)
        4    0.000    0.000    0.000    0.000 collections.py:111(items)
        3    0.000    0.000    0.000    0.000 collections.py:190(copy)
        2    0.001    0.000    0.001    0.001 collections.py:237(namedtuple)
        1    0.000    0.000    0.000    0.000 collections.py:25(OrderedDict)
       46    0.000    0.000    0.000    0.000 collections.py:277(<genexpr>)
        8    0.000    0.000    0.000    0.000 collections.py:294(<genexpr>)
        1    0.000    0.000    0.000    0.000 collections.py:356(Counter)
        8    0.000    0.000    0.000    0.000 collections.py:37(__init__)
       30    0.000    0.000    0.000    0.000 collections.py:53(__setitem__)
       51    0.000    0.000    0.000    0.000 collections.py:72(__iter__)
        1    0.000    0.000    0.000    0.000 core.py:1027(_DomainedBinaryOperation)
        6    0.000    0.000    0.000    0.000 core.py:1047(__init__)
       40    0.000    0.000    0.001    0.000 core.py:106(get_object_signature)
        1    0.000    0.000    0.000    0.000 core.py:125(MAError)
        1    0.000    0.000    0.000    0.000 core.py:128(MaskError)
        1    0.001    0.001    0.001    0.001 core.py:21(<module>)
        1    0.000    0.000    0.000    0.000 core.py:2246(_MaskedPrintOption)
        1    0.000    0.000    0.000    0.000 core.py:2251(__init__)
        1    0.000    0.000    0.000    0.000 core.py:2395(_arraymethod)
        9    0.000    0.000    0.000    0.000 core.py:2424(__init__)
        9    0.000    0.000    0.000    0.000 core.py:2430(getdoc)
        4    0.000    0.000    0.000    0.000 core.py:2437(__get__)
        1    0.000    0.000    0.000    0.000 core.py:2465(MaskedIterator)
        1    0.000    0.000    0.000    0.000 core.py:2568(MaskedArray)
        1    0.000    0.000    0.000    0.000 core.py:5500(mvoid)
        1    0.000    0.000    0.000    0.000 core.py:5690(MaskedConstant)
        1    0.000    0.000    0.000    0.000 core.py:5696(__new__)
        1    0.000    0.000    0.000    0.000 core.py:5699(__array_finalize__)
        1    0.000    0.000    0.000    0.000 core.py:5794(_extrema_operation)
        1    0.000    0.000    0.000    0.000 core.py:5849(_minimum_operation)
        1    0.000    0.000    0.000    0.000 core.py:5851(__init__)
        1    0.000    0.000    0.000    0.000 core.py:5861(_maximum_operation)
        1    0.000    0.000    0.000    0.000 core.py:5863(__init__)
        1    0.000    0.000    0.000    0.000 core.py:5905(_frommethod)
       23    0.000    0.000    0.000    0.000 core.py:5915(__init__)
       23    0.000    0.000    0.000    0.000 core.py:5919(getdoc)
        1    0.000    0.000    0.000    0.000 core.py:7107(_convert2ma)
        8    0.000    0.000    0.000    0.000 core.py:7119(__init__)
        8    0.000    0.000    0.000    0.000 core.py:7124(getdoc)
        1    0.000    0.000    0.000    0.000 core.py:723(_DomainCheckInterval)
        3    0.000    0.000    0.000    0.000 core.py:731(__init__)
        1    0.000    0.000    0.000    0.000 core.py:745(_DomainTan)
        1    0.000    0.000    0.000    0.000 core.py:751(__init__)
        1    0.000    0.000    0.000    0.000 core.py:761(_DomainSafeDivide)
        6    0.000    0.000    0.000    0.000 core.py:763(__init__)
        1    0.000    0.000    0.000    0.000 core.py:776(_DomainGreater)
        3    0.000    0.000    0.000    0.000 core.py:778(__init__)
        1    0.000    0.000    0.000    0.000 core.py:788(_DomainGreaterEqual)
        2    0.000    0.000    0.000    0.000 core.py:790(__init__)
        1    0.000    0.000    0.000    0.000 core.py:799(_MaskedUnaryOperation)
       26    0.000    0.000    0.000    0.000 core.py:816(__init__)
        1    0.000    0.000    0.000    0.000 core.py:881(_MaskedBinaryOperation)
        4    0.000    0.000    0.000    0.000 core.py:89(doc_note)
       18    0.000    0.000    0.000    0.000 core.py:900(__init__)
        1    0.000    0.000    0.000    0.000 ctypeslib.py:153(_ndptr)
       12    0.000    0.000    0.000    0.000 ctypeslib.py:306(prep_simple)
        1    0.001    0.001    0.003    0.003 ctypeslib.py:51(<module>)
        1    0.010    0.010    0.013    0.013 decorators.py:15(<module>)
        1    0.000    0.000    0.000    0.000 defchararray.py:1695(chararray)
        1    0.000    0.000    0.000    0.000 defchararray.py:17(<module>)
        1    0.000    0.000    0.000    0.000 defmatrix.py:1(<module>)
        1    0.000    0.000    0.000    0.000 defmatrix.py:195(matrix)
        1    0.000    0.000    0.000    0.000 difflib.py:1672(HtmlDiff)
        1    0.000    0.000    0.001    0.001 difflib.py:29(<module>)
        1    0.000    0.000    0.000    0.000 difflib.py:46(SequenceMatcher)
        1    0.000    0.000    0.000    0.000 difflib.py:766(Differ)
        1    0.000    0.000    0.000    0.000 extras.py:10(<module>)
        1    0.000    0.000    0.000    0.000 extras.py:1415(MAxisConcatenator)
        1    0.000    0.000    0.000    0.000 extras.py:1427(__init__)
        1    0.000    0.000    0.000    0.000 extras.py:1481(mr_class)
        1    0.000    0.000    0.000    0.000 extras.py:1497(__init__)
        1    0.000    0.000    0.000    0.000 extras.py:222(_fromnxfunction)
        9    0.000    0.000    0.000    0.000 extras.py:239(__init__)
        9    0.000    0.000    0.000    0.000 extras.py:243(getdoc)
        1    0.000    0.000    0.000    0.000 fftpack.py:32(<module>)
        1    0.000    0.000    0.000    0.000 financial.py:8(<module>)
        1    0.000    0.000    0.000    0.000 fnmatch.py:11(<module>)
        1    0.000    0.000    0.000    0.000 format.py:136(<module>)
        1    0.000    0.000    0.000    0.000 fromnumeric.py:2(<module>)
        2    0.004    0.002    0.012    0.006 function_base.py:1(<module>)
        1    0.000    0.000    0.000    0.000 function_base.py:1753(vectorize)
      262    0.004    0.000    0.006    0.000 function_base.py:3178(add_newdoc)
        3    0.000    0.000    0.000    0.000 functools.py:17(update_wrapper)
        3    0.000    0.000    0.000    0.000 functools.py:39(wraps)
       27    0.000    0.000    0.000    0.000 genericpath.py:15(exists)
        1    0.000    0.000    0.000    0.000 getlimits.py:184(iinfo)
        1    0.000    0.000    0.000    0.000 getlimits.py:2(<module>)
        1    0.000    0.000    0.000    0.000 getlimits.py:22(finfo)
        2    0.000    0.000    0.000    0.000 getlimits.py:234(__init__)
        2    0.000    0.000    0.000    0.000 getlimits.py:259(max)
        6    0.000    0.000    0.000    0.000 gettext.py:130(_expand_lang)
        3    0.000    0.000    0.000    0.000 gettext.py:421(find)
        3    0.000    0.000    0.000    0.000 gettext.py:461(translation)
        3    0.000    0.000    0.000    0.000 gettext.py:527(dgettext)
        3    0.000    0.000    0.000    0.000 gettext.py:565(gettext)
        1    0.002    0.002    0.003    0.003 heapq.py:31(<module>)
        1    0.000    0.000    0.000    0.000 helper.py:3(<module>)
        1    0.004    0.004    0.006    0.006 hermite.py:50(<module>)
        1    0.004    0.004    0.005    0.005 hermite_e.py:50(<module>)
        1    0.017    0.017    0.032    0.032 index_tricks.py:1(<module>)
        2    0.000    0.000    0.000    0.000 index_tricks.py:142(__init__)
        1    0.000    0.000    0.000    0.000 index_tricks.py:210(AxisConcatenator)
        3    0.000    0.000    0.000    0.000 index_tricks.py:228(__init__)
        1    0.000    0.000    0.000    0.000 index_tricks.py:337(RClass)
        1    0.000    0.000    0.000    0.000 index_tricks.py:431(__init__)
        1    0.000    0.000    0.000    0.000 index_tricks.py:436(CClass)
        1    0.000    0.000    0.000    0.000 index_tricks.py:453(__init__)
        1    0.000    0.000    0.000    0.000 index_tricks.py:458(ndenumerate)
        1    0.000    0.000    0.000    0.000 index_tricks.py:505(ndindex)
        1    0.000    0.000    0.000    0.000 index_tricks.py:600(IndexExpression)
        2    0.000    0.000    0.000    0.000 index_tricks.py:643(__init__)
        1    0.000    0.000    0.000    0.000 index_tricks.py:82(nd_grid)
        1    0.000    0.000    0.000    0.000 info.py:147(<module>)
        1    0.000    0.000    0.000    0.000 info.py:171(<module>)
        1    0.000    0.000    0.000    0.000 info.py:34(<module>)
        1    0.000    0.000    0.000    0.000 info.py:83(<module>)
        1    0.000    0.000    0.000    0.000 info.py:84(<module>)
        1    0.000    0.000    0.000    0.000 keyword.py:11(<module>)
        1    0.004    0.004    0.005    0.005 laguerre.py:50(<module>)
        1    0.003    0.003    0.005    0.005 legendre.py:51(<module>)
        1    0.001    0.001    0.001    0.001 linalg.py:10(<module>)
        1    0.000    0.000    0.000    0.000 linalg.py:37(LinAlgError)
        1    0.000    0.000    0.001    0.001 loader.py:1(<module>)
        1    0.000    0.000    0.000    0.000 loader.py:38(TestLoader)
        6    0.000    0.000    0.000    0.000 locale.py:339(normalize)
        1    0.000    0.000    0.000    0.000 machar.py:15(MachAr)
        1    0.000    0.000    0.000    0.000 machar.py:4(<module>)
        1    0.000    0.000    0.002    0.002 main.py:1(<module>)
        1    0.000    0.000    0.000    0.000 main.py:63(TestProgram)
        1    0.000    0.000    0.000    0.000 memmap.py:1(<module>)
        1    0.000    0.000    0.000    0.000 memmap.py:20(memmap)
        1    0.000    0.000    0.000    0.000 nosetester.py:109(NoseTester)
       19    0.000    0.000    0.000    0.000 nosetester.py:138(__init__)
        1    0.000    0.000    0.000    0.000 nosetester.py:6(<module>)
        3    0.000    0.000    0.000    0.000 nosetester.py:82(_docmethod)
        1    0.011    0.011    0.012    0.012 npyio.py:1(<module>)
        1    0.000    0.000    0.000    0.000 npyio.py:123(NpzFile)
        1    0.000    0.000    0.000    0.000 npyio.py:80(BagObj)
        7    0.041    0.006    0.050    0.007 npyio.py:835(savetxt)
        1    0.039    0.039    0.045    0.045 numeric.py:1(<module>)
        3    0.000    0.000    0.000    0.000 numeric.py:122(extend_all)
        2    0.000    0.000    0.000    0.000 numeric.py:1381(set_string_function)
        7    0.000    0.000    0.000    0.000 numeric.py:167(asarray)
        1    0.000    0.000    0.000    0.000 numeric.py:2333(_unspecified)
        1    0.000    0.000    0.000    0.000 numeric.py:2337(errstate)
        1    0.000    0.000    0.000    0.000 numeric.py:2411(_setdef)
        1    0.000    0.000    0.000    0.000 numeric.py:36(ComplexWarning)
       74    0.000    0.000    0.000    0.000 numerictypes.py:130(english_lower)
       40    0.000    0.000    0.000    0.000 numerictypes.py:157(english_upper)
       14    0.000    0.000    0.000    0.000 numerictypes.py:184(english_capitalize)
       21    0.000    0.000    0.000    0.000 numerictypes.py:219(_evalname)
       26    0.000    0.000    0.000    0.000 numerictypes.py:232(bitname)
        1    0.000    0.000    0.000    0.000 numerictypes.py:284(_add_types)
        1    0.000    0.000    0.001    0.001 numerictypes.py:300(_add_aliases)
        1    0.000    0.000    0.000    0.000 numerictypes.py:341(_add_integer_aliases)
        1    0.000    0.000    0.000    0.000 numerictypes.py:382(_set_up_aliases)
        1    0.000    0.000    0.000    0.000 numerictypes.py:433(_construct_char_code_lookup)
       30    0.000    0.000    0.000    0.000 numerictypes.py:448(_add_array_type)
        1    0.000    0.000    0.000    0.000 numerictypes.py:456(_set_array_types)
        1    0.000    0.000    0.000    0.000 numerictypes.py:770(_typedict)
        1    0.000    0.000    0.000    0.000 numerictypes.py:785(_construct_lookups)
        1    0.000    0.000    0.002    0.002 numerictypes.py:88(<module>)
        1    0.000    0.000    0.000    0.000 numpytest.py:1(<module>)
        1    0.000    0.000    0.000    0.000 numpytest.py:10(IgnoreException)
        7    0.000    0.000    0.000    0.000 os.py:136(makedirs)
        1    0.000    0.000    0.000    0.000 polynomial.py:19(RankWarning)
        1    0.001    0.001    0.012    0.012 polynomial.py:3(<module>)
        1    0.007    0.007    0.008    0.008 polynomial.py:48(<module>)
        1    0.000    0.000    0.000    0.000 polynomial.py:899(poly1d)
        1    0.000    0.000    0.000    0.000 polytemplate.py:11(<module>)
        1    0.000    0.000    0.000    0.000 polyutils.py:33(<module>)
        1    0.000    0.000    0.000    0.000 polyutils.py:48(RankWarning)
        1    0.000    0.000    0.000    0.000 polyutils.py:52(PolyError)
        1    0.000    0.000    0.000    0.000 polyutils.py:56(PolyDomainError)
        1    0.000    0.000    0.000    0.000 polyutils.py:69(PolyBase)
        1    0.000    0.000    0.000    0.000 posixpath.py:110(basename)
       19    0.000    0.000    0.000    0.000 posixpath.py:118(dirname)
        7    0.000    0.000    0.000    0.000 posixpath.py:130(islink)
       26    0.000    0.000    0.000    0.000 posixpath.py:60(join)
        7    0.000    0.000    0.000    0.000 posixpath.py:80(split)
        1    0.000    0.000    0.000    0.000 pprint.py:35(<module>)
        1    0.000    0.000    0.000    0.000 pprint.py:81(PrettyPrinter)
        1    0.000    0.000    0.000    0.000 py3k.py:4(<module>)
       18    0.000    0.000    0.008    0.000 re.py:188(compile)
       18    0.000    0.000    0.008    0.000 re.py:226(_compile)
        1    0.000    0.000    0.000    0.000 records.py:214(record)
        1    0.000    0.000    0.000    0.000 records.py:284(recarray)
        1    0.000    0.000    0.000    0.000 records.py:36(<module>)
        1    0.000    0.000    0.000    0.000 records.py:83(format_parser)
        1    0.001    0.001    0.001    0.001 result.py:1(<module>)
        3    0.000    0.000    0.000    0.000 result.py:14(failfast)
        1    0.000    0.000    0.000    0.000 result.py:26(TestResult)
        1    0.001    0.001    0.001    0.001 runner.py:1(<module>)
        1    0.000    0.000    0.000    0.000 runner.py:119(TextTestRunner)
        1    0.000    0.000    0.000    0.000 runner.py:12(_WritelnDecorator)
        1    0.000    0.000    0.000    0.000 runner.py:28(TextTestResult)
        1    0.000    0.000    0.000    0.000 scimath.py:17(<module>)
        2    0.000    0.000    0.000    0.000 shape_base.py:1(<module>)
        7    0.000    0.000    0.071    0.010 shutil.py:208(rmtree)
        1    0.000    0.000    0.000    0.000 shutil.py:31(Error)
        1    0.000    0.000    0.000    0.000 shutil.py:34(SpecialFileError)
        1    0.000    0.000    0.000    0.000 shutil.py:38(ExecError)
        1    0.001    0.001    0.001    0.001 shutil.py:5(<module>)
        1    0.000    0.000    0.000    0.000 signals.py:1(<module>)
        1    0.000    0.000    0.000    0.000 signals.py:9(_InterruptHandler)
       29    0.000    0.000    0.001    0.000 sre_compile.py:178(_compile_charset)
       29    0.001    0.000    0.001    0.000 sre_compile.py:207(_optimize_charset)
       57    0.000    0.000    0.000    0.000 sre_compile.py:24(_identityfunction)
        4    0.000    0.000    0.000    0.000 sre_compile.py:258(_mk_bitmap)
   100/14    0.001    0.000    0.003    0.000 sre_compile.py:32(_compile)
       40    0.000    0.000    0.000    0.000 sre_compile.py:354(_simple)
       14    0.000    0.000    0.001    0.000 sre_compile.py:361(_compile_info)
       28    0.000    0.000    0.000    0.000 sre_compile.py:474(isstring)
       14    0.000    0.000    0.004    0.000 sre_compile.py:480(_code)
       14    0.000    0.000    0.008    0.001 sre_compile.py:495(compile)
       15    0.000    0.000    0.000    0.000 sre_compile.py:51(fixup)
      199    0.000    0.000    0.000    0.000 sre_parse.py:126(__len__)
        4    0.000    0.000    0.000    0.000 sre_parse.py:128(__delitem__)
      411    0.000    0.000    0.001    0.000 sre_parse.py:130(__getitem__)
       40    0.000    0.000    0.000    0.000 sre_parse.py:134(__setitem__)
      152    0.000    0.000    0.000    0.000 sre_parse.py:138(append)
   140/54    0.001    0.000    0.001    0.000 sre_parse.py:140(getwidth)
       14    0.000    0.000    0.000    0.000 sre_parse.py:178(__init__)
      561    0.001    0.000    0.001    0.000 sre_parse.py:182(__next)
      271    0.000    0.000    0.000    0.000 sre_parse.py:195(match)
      440    0.000    0.000    0.001    0.000 sre_parse.py:201(get)
       84    0.000    0.000    0.000    0.000 sre_parse.py:210(isident)
        2    0.000    0.000    0.000    0.000 sre_parse.py:213(isdigit)
       16    0.000    0.000    0.000    0.000 sre_parse.py:216(isname)
        2    0.000    0.000    0.000    0.000 sre_parse.py:225(_class_escape)
       27    0.000    0.000    0.000    0.000 sre_parse.py:257(_escape)
    38/14    0.000    0.000    0.004    0.000 sre_parse.py:301(_parse_sub)
    56/16    0.001    0.000    0.004    0.000 sre_parse.py:379(_parse)
       14    0.000    0.000    0.004    0.000 sre_parse.py:663(parse)
       14    0.000    0.000    0.000    0.000 sre_parse.py:67(__init__)
       23    0.000    0.000    0.000    0.000 sre_parse.py:72(opengroup)
       23    0.000    0.000    0.000    0.000 sre_parse.py:83(closegroup)
      100    0.000    0.000    0.000    0.000 sre_parse.py:90(__init__)
       21    0.000    0.000    0.000    0.000 stat.py:24(S_IFMT)
       14    0.000    0.000    0.000    0.000 stat.py:40(S_ISDIR)
        7    0.000    0.000    0.000    0.000 stat.py:55(S_ISLNK)
        1    0.000    0.000    0.000    0.000 stride_tricks.py:12(DummyArray)
        1    0.000    0.000    0.000    0.000 stride_tricks.py:7(<module>)
        1    0.000    0.000    0.000    0.000 string.py:131(__init__)
        6    0.000    0.000    0.005    0.001 string.py:148(substitute)
      558    0.001    0.000    0.001    0.000 string.py:158(convert)
        1    0.000    0.000    0.000    0.000 suite.py:1(<module>)
        1    0.000    0.000    0.000    0.000 suite.py:16(BaseTestSuite)
        1    0.000    0.000    0.000    0.000 suite.py:252(_ErrorHolder)
        1    0.000    0.000    0.000    0.000 suite.py:299(_DebugResult)
        1    0.000    0.000    0.000    0.000 suite.py:78(TestSuite)
        1    0.000    0.000    0.000    0.000 twodim_base.py:3(<module>)
        1    0.002    0.002    0.127    0.127 type_check.py:3(<module>)
        1    0.000    0.000    0.000    0.000 ufunclike.py:4(<module>)
        1    0.000    0.000    0.001    0.001 util.py:1(<module>)
        1    0.000    0.000    0.001    0.001 utils.py:1(<module>)
       55    0.000    0.000    0.000    0.000 utils.py:108(__init__)
       55    0.000    0.000    0.000    0.000 utils.py:113(__call__)
        1    0.000    0.000    0.000    0.000 utils.py:1353(WarningMessage)
        1    0.000    0.000    0.000    0.000 utils.py:1383(WarningManager)
       55    0.000    0.000    0.000    0.000 utils.py:157(deprecate)
        1    0.002    0.002    0.003    0.003 utils.py:3(<module>)
       55    0.000    0.000    0.000    0.000 utils.py:93(_set_function_name)
        1    0.000    0.000    0.000    0.000 utils.py:97(_Deprecate)
        1    0.000    0.000    0.000    0.000 utils.py:979(SafeEval)
        1    0.000    0.000    0.000    0.000 version.py:3(<module>)
        1    0.000    0.000    0.000    0.000 warnings.py:74(simplefilter)
        1    0.000    0.000    0.000    0.000 weakref.py:243(__init__)
        2    0.000    0.000    0.000    0.000 {_ctypes.POINTER}
        1    0.000    0.000    0.000    0.000 {_ctypes.dlopen}
        1    0.000    0.000    0.000    0.000 {_ctypes.set_conversion_mode}
       50    0.000    0.000    0.000    0.000 {_ctypes.sizeof}
       14    0.000    0.000    0.000    0.000 {_sre.compile}
       20    0.000    0.000    0.000    0.000 {_sre.getlower}
       18    0.000    0.000    0.000    0.000 {_struct.calcsize}
        8    0.000    0.000    0.000    0.000 {all}
      256    0.000    0.000    0.000    0.000 {chr}
      419    0.000    0.000    0.000    0.000 {getattr}
       70    0.000    0.000    0.000    0.000 {globals}
       20    0.000    0.000    0.000    0.000 {hasattr}
     1221    0.001    0.000    0.001    0.000 {isinstance}
    32/30    0.000    0.000    0.000    0.000 {issubclass}
        1    0.000    0.000    0.000    0.000 {iter}
1908/1850    0.000    0.000    0.000    0.000 {len}
        2    0.000    0.000    0.000    0.000 {locals}
        3    0.000    0.000    0.000    0.000 {map}
    37507    0.010    0.000    0.010    0.000 {math.floor}
        7    0.000    0.000    0.000    0.000 {math.log10}
       22    0.000    0.000    0.000    0.000 {max}
        8    0.000    0.000    0.000    0.000 {method '__contains__' of 'frozenset' objects}
        3    0.000    0.000    0.000    0.000 {method '__subclasses__' of 'type' objects}
       14    0.000    0.000    0.000    0.000 {method 'add' of 'set' objects}
     1930    0.000    0.000    0.000    0.000 {method 'append' of 'list' objects}
        2    0.000    0.000    0.000    0.000 {method 'clear' of 'dict' objects}
       16    0.001    0.000    0.001    0.000 {method 'close' of 'file' objects}
        7    0.000    0.000    0.000    0.000 {method 'count' of 'str' objects}
        1    0.000    0.000    0.000    0.000 {method 'disable' of '_lsprof.Profiler' objects}
       57    0.000    0.000    0.000    0.000 {method 'endswith' of 'str' objects}
       26    0.000    0.000    0.000    0.000 {method 'extend' of 'list' objects}
       25    0.000    0.000    0.000    0.000 {method 'find' of 'str' objects}
       14    0.000    0.000    0.000    0.000 {method 'format' of 'str' objects}
      147    0.000    0.000    0.000    0.000 {method 'get' of 'dict' objects}
      808    0.000    0.000    0.000    0.000 {method 'group' of '_sre.SRE_Match' objects}
        1    0.000    0.000    0.000    0.000 {method 'insert' of 'list' objects}
       38    0.000    0.000    0.000    0.000 {method 'isalnum' of 'str' objects}
        8    0.000    0.000    0.000    0.000 {method 'isdigit' of 'str' objects}
       10    0.000    0.000    0.000    0.000 {method 'isspace' of 'str' objects}
       26    0.000    0.000    0.000    0.000 {method 'items' of 'dict' objects}
        1    0.000    0.000    0.000    0.000 {method 'iteritems' of 'dict' objects}
       75    0.000    0.000    0.000    0.000 {method 'join' of 'str' objects}
       17    0.000    0.000    0.000    0.000 {method 'keys' of 'dict' objects}
       17    0.000    0.000    0.000    0.000 {method 'lower' of 'str' objects}
        1    0.000    0.000    0.000    0.000 {method 'lstrip' of 'str' objects}
       21    0.000    0.000    0.000    0.000 {method 'match' of '_sre.SRE_Pattern' objects}
       10    0.000    0.000    0.000    0.000 {method 'pop' of 'dict' objects}
       17    0.000    0.000    0.000    0.000 {method 'readline' of 'file' objects}
       26    0.000    0.000    0.000    0.000 {method 'remove' of 'list' objects}
        4    0.000    0.000    0.000    0.000 {method 'remove' of 'set' objects}
       18    0.000    0.000    0.000    0.000 {method 'replace' of 'str' objects}
        6    0.000    0.000    0.000    0.000 {method 'reverse' of 'list' objects}
       27    0.000    0.000    0.000    0.000 {method 'rfind' of 'str' objects}
       33    0.000    0.000    0.000    0.000 {method 'rstrip' of 'str' objects}
       40    0.000    0.000    0.000    0.000 {method 'setdefault' of 'dict' objects}
       25    0.000    0.000    0.000    0.000 {method 'split' of 'str' objects}
      173    0.000    0.000    0.000    0.000 {method 'startswith' of 'str' objects}
      286    0.000    0.000    0.000    0.000 {method 'strip' of 'str' objects}
        6    0.004    0.001    0.005    0.001 {method 'sub' of '_sre.SRE_Pattern' objects}
      123    0.000    0.000    0.000    0.000 {method 'translate' of 'str' objects}
       62    0.000    0.000    0.000    0.000 {method 'update' of 'dict' objects}
        1    0.000    0.000    0.000    0.000 {method 'view' of 'numpy.ndarray' objects}
     7027    0.007    0.000    0.007    0.000 {method 'write' of 'file' objects}
      222    0.000    0.000    0.000    0.000 {min}
        1    0.000    0.000    0.000    0.000 {numpy.core.multiarray.arange}
       45    0.001    0.000    0.001    0.000 {numpy.core.multiarray.array}
       28    0.000    0.000    0.000    0.000 {numpy.core.multiarray.empty}
        2    0.000    0.000    0.000    0.000 {numpy.core.multiarray.set_string_function}
        1    0.000    0.000    0.000    0.000 {numpy.core.multiarray.set_typeDict}
        1    0.000    0.000    0.000    0.000 {numpy.core.multiarray.zeros}
        1    0.000    0.000    0.000    0.000 {numpy.core.umath.seterrobj}
      260    0.000    0.000    0.000    0.000 {numpy.lib._compiled_base.add_docstring}
       16    0.001    0.000    0.001    0.000 {open}
      121    0.000    0.000    0.000    0.000 {ord}
        7    0.066    0.009    0.066    0.009 {posix.listdir}
       21    0.000    0.000    0.000    0.000 {posix.lstat}
        7    0.000    0.000    0.000    0.000 {posix.mkdir}
       14    0.004    0.000    0.004    0.000 {posix.remove}
        7    0.000    0.000    0.000    0.000 {posix.rmdir}
       27    0.000    0.000    0.000    0.000 {posix.stat}
        1    0.000    0.000    0.000    0.000 {posix.uname}
       80    0.000    0.000    0.000    0.000 {range}
       45    0.000    0.000    0.000    0.000 {repr}
       10    0.000    0.000    0.000    0.000 {setattr}
       21    0.000    0.000    0.000    0.000 {sys._getframe}
        1    0.000    0.000    0.000    0.000 {vars}
        2    0.000    0.000    0.000    0.000 {zip}


